<?xml version="1.0" encoding="UTF-8"?>
<!-- Generated by org.testng.reporters.JUnitXMLReporter -->
<testsuite ignored="0" hostname="DESKTOP-6F1UH3N" failures="1" tests="7" name="Test" time="62.618" errors="0" timestamp="2023-01-27T16:19:49 IST">
  <testcase classname="tests.LoginTest" name="loginWithValidEmailAndPassword" time="0.964">
    <failure type="java.lang.AssertionError" message="expected [true] but found [false]">
      <![CDATA[java.lang.AssertionError: expected [true] but found [false]
at tests.LoginTest.loginWithValidEmailAndPassword(LoginTest.java:52)
at java.base/java.util.ArrayList.forEach(ArrayList.java:1511)
... Removed 29 stack frames]]>
    </failure>
  </testcase> <!-- loginWithValidEmailAndPassword -->
  <testcase classname="tests.LogGeneration2" name="loginGen2" time="1.327"/>
  <testcase classname="tests.LogGeneration2" name="loginGen2" time="11.262"/>
  <testcase classname="tests.LogGeneration" name="loginGen" time="1.347"/>
  <testcase classname="tests.ExampleDataProvider" name="loginData" time="1.369"/>
  <testcase classname="tests.ExampleDataProvider" name="loginData" time="11.308"/>
  <testcase classname="tests.RegistrationTest" name="registrationWithValidCrediential" time="1.648"/>
</testsuite> <!-- Test -->
