<?xml version="1.0" encoding="UTF-8"?>
<testng-results ignored="0" total="1" passed="1" failed="0" skipped="0">
  <reporter-output>
  </reporter-output>
  <suite started-at="2023-01-27T16:28:38 IST" name="Default suite" finished-at="2023-01-27T16:28:50 IST" duration-ms="12331">
    <groups>
    </groups>
    <test started-at="2023-01-27T16:28:38 IST" name="Default test" finished-at="2023-01-27T16:28:50 IST" duration-ms="12331">
      <class name="tests.RegistrationTest">
        <test-method is-config="true" signature="beforeClass()[pri:0, instance:tests.RegistrationTest@1afd44cb]" started-at="2023-01-27T16:28:38 IST" name="beforeClass" finished-at="2023-01-27T16:28:43 IST" duration-ms="5547" status="PASS">
          <reporter-output>
          </reporter-output>
        </test-method> <!-- beforeClass -->
        <test-method is-config="true" signature="beforeMethod()[pri:0, instance:tests.RegistrationTest@1afd44cb]" started-at="2023-01-27T16:28:43 IST" name="beforeMethod" finished-at="2023-01-27T16:28:43 IST" duration-ms="1" status="PASS">
          <reporter-output>
          </reporter-output>
        </test-method> <!-- beforeMethod -->
        <test-method signature="registrationWithValidCrediential()[pri:0, instance:tests.RegistrationTest@1afd44cb]" started-at="2023-01-27T16:28:43 IST" name="registrationWithValidCrediential" finished-at="2023-01-27T16:28:50 IST" duration-ms="6556" status="PASS">
          <reporter-output>
          </reporter-output>
        </test-method> <!-- registrationWithValidCrediential -->
        <test-method is-config="true" signature="afterMethod()[pri:0, instance:tests.RegistrationTest@1afd44cb]" started-at="2023-01-27T16:28:50 IST" name="afterMethod" finished-at="2023-01-27T16:28:50 IST" duration-ms="1" status="PASS">
          <reporter-output>
          </reporter-output>
        </test-method> <!-- afterMethod -->
        <test-method is-config="true" signature="afterClass()[pri:0, instance:tests.RegistrationTest@1afd44cb]" started-at="2023-01-27T16:28:50 IST" name="afterClass" finished-at="2023-01-27T16:28:50 IST" duration-ms="159" status="PASS">
          <reporter-output>
          </reporter-output>
        </test-method> <!-- afterClass -->
      </class> <!-- tests.RegistrationTest -->
    </test> <!-- Default test -->
  </suite> <!-- Default suite -->
</testng-results>
